{"C:\\Users\\heber\\OneDrive\\Escritorio\\rick-and-morty-challenge\\app\\Errors\\errors.js": {"path":"C:\\Users\\heber\\OneDrive\\Escritorio\\rick-and-morty-challenge\\app\\Errors\\errors.js","all":false,"statementMap":{"0":{"start":{"line":1,"column":0},"end":{"line":1,"column":32}},"1":{"start":{"line":2,"column":0},"end":{"line":2,"column":0}},"2":{"start":{"line":3,"column":0},"end":{"line":3,"column":32}},"3":{"start":{"line":4,"column":0},"end":{"line":4,"column":30}},"4":{"start":{"line":5,"column":0},"end":{"line":5,"column":26}},"5":{"start":{"line":6,"column":0},"end":{"line":6,"column":0}},"6":{"start":{"line":7,"column":0},"end":{"line":7,"column":28}},"7":{"start":{"line":8,"column":0},"end":{"line":8,"column":9}},"8":{"start":{"line":9,"column":0},"end":{"line":9,"column":0}},"9":{"start":{"line":10,"column":0},"end":{"line":10,"column":27}},"10":{"start":{"line":11,"column":0},"end":{"line":11,"column":23}},"11":{"start":{"line":12,"column":0},"end":{"line":12,"column":9}},"12":{"start":{"line":13,"column":0},"end":{"line":13,"column":5}},"13":{"start":{"line":14,"column":0},"end":{"line":14,"column":1}},"14":{"start":{"line":15,"column":0},"end":{"line":15,"column":0}},"15":{"start":{"line":16,"column":0},"end":{"line":16,"column":50}},"16":{"start":{"line":17,"column":0},"end":{"line":17,"column":50}},"17":{"start":{"line":18,"column":0},"end":{"line":18,"column":50}},"18":{"start":{"line":19,"column":0},"end":{"line":19,"column":0}},"19":{"start":{"line":20,"column":0},"end":{"line":20,"column":16}},"20":{"start":{"line":21,"column":0},"end":{"line":21,"column":16}},"21":{"start":{"line":22,"column":0},"end":{"line":22,"column":16}},"22":{"start":{"line":23,"column":0},"end":{"line":23,"column":16}},"23":{"start":{"line":24,"column":0},"end":{"line":24,"column":1}},"24":{"start":{"line":25,"column":0},"end":{"line":25,"column":0}},"25":{"start":{"line":26,"column":0},"end":{"line":26,"column":8}},"26":{"start":{"line":27,"column":0},"end":{"line":27,"column":41}},"27":{"start":{"line":28,"column":0},"end":{"line":28,"column":1}},"28":{"start":{"line":29,"column":0},"end":{"line":29,"column":0}},"29":{"start":{"line":30,"column":0},"end":{"line":30,"column":21}}},"s":{"0":9,"1":9,"2":9,"3":9,"4":4,"5":4,"6":4,"7":4,"8":9,"9":9,"10":0,"11":0,"12":9,"13":9,"14":1,"15":1,"16":1,"17":1,"18":1,"19":1,"20":1,"21":1,"22":1,"23":1,"24":1,"25":1,"26":1,"27":1,"28":1,"29":1},"branchMap":{"0":{"type":"branch","line":1,"loc":{"start":{"line":1,"column":0},"end":{"line":14,"column":1}},"locations":[{"start":{"line":1,"column":0},"end":{"line":14,"column":1}}]},"1":{"type":"branch","line":3,"loc":{"start":{"line":3,"column":4},"end":{"line":12,"column":9}},"locations":[{"start":{"line":3,"column":4},"end":{"line":12,"column":9}}]},"2":{"type":"branch","line":4,"loc":{"start":{"line":4,"column":8},"end":{"line":8,"column":9}},"locations":[{"start":{"line":4,"column":8},"end":{"line":8,"column":9}}]}},"b":{"0":[9],"1":[9],"2":[4]},"fnMap":{"0":{"name":"buildErrorClass","decl":{"start":{"line":1,"column":0},"end":{"line":14,"column":1}},"loc":{"start":{"line":1,"column":0},"end":{"line":14,"column":1}},"line":1},"1":{"name":"_class","decl":{"start":{"line":4,"column":8},"end":{"line":8,"column":9}},"loc":{"start":{"line":4,"column":8},"end":{"line":8,"column":9}},"line":4},"2":{"name":"get","decl":{"start":{"line":10,"column":8},"end":{"line":12,"column":9}},"loc":{"start":{"line":10,"column":8},"end":{"line":12,"column":9}},"line":10}},"f":{"0":9,"1":4,"2":0}}
,"C:\\Users\\heber\\OneDrive\\Escritorio\\rick-and-morty-challenge\\app\\services\\filterCharactersBy.js": {"path":"C:\\Users\\heber\\OneDrive\\Escritorio\\rick-and-morty-challenge\\app\\services\\filterCharactersBy.js","all":false,"statementMap":{"0":{"start":{"line":1,"column":0},"end":{"line":1,"column":37}},"1":{"start":{"line":2,"column":0},"end":{"line":2,"column":0}},"2":{"start":{"line":3,"column":0},"end":{"line":3,"column":56}},"3":{"start":{"line":4,"column":0},"end":{"line":4,"column":0}},"4":{"start":{"line":5,"column":0},"end":{"line":5,"column":39}},"5":{"start":{"line":6,"column":0},"end":{"line":6,"column":0}},"6":{"start":{"line":7,"column":0},"end":{"line":7,"column":66}},"7":{"start":{"line":8,"column":0},"end":{"line":8,"column":0}},"8":{"start":{"line":9,"column":0},"end":{"line":9,"column":45}},"9":{"start":{"line":10,"column":0},"end":{"line":10,"column":46}},"10":{"start":{"line":11,"column":0},"end":{"line":11,"column":52}},"11":{"start":{"line":12,"column":0},"end":{"line":12,"column":52}},"12":{"start":{"line":13,"column":0},"end":{"line":13,"column":55}},"13":{"start":{"line":14,"column":0},"end":{"line":14,"column":0}},"14":{"start":{"line":15,"column":0},"end":{"line":15,"column":64}},"15":{"start":{"line":16,"column":0},"end":{"line":16,"column":0}},"16":{"start":{"line":17,"column":0},"end":{"line":17,"column":16}},"17":{"start":{"line":18,"column":0},"end":{"line":18,"column":0}},"18":{"start":{"line":19,"column":0},"end":{"line":19,"column":9}},"19":{"start":{"line":20,"column":0},"end":{"line":20,"column":0}},"20":{"start":{"line":21,"column":0},"end":{"line":21,"column":35}},"21":{"start":{"line":22,"column":0},"end":{"line":22,"column":0}},"22":{"start":{"line":23,"column":0},"end":{"line":23,"column":21}},"23":{"start":{"line":24,"column":0},"end":{"line":24,"column":0}},"24":{"start":{"line":25,"column":0},"end":{"line":25,"column":64}},"25":{"start":{"line":26,"column":0},"end":{"line":26,"column":0}},"26":{"start":{"line":27,"column":0},"end":{"line":27,"column":5}},"27":{"start":{"line":28,"column":0},"end":{"line":28,"column":0}},"28":{"start":{"line":29,"column":0},"end":{"line":29,"column":23}},"29":{"start":{"line":30,"column":0},"end":{"line":30,"column":36}},"30":{"start":{"line":31,"column":0},"end":{"line":31,"column":72}},"31":{"start":{"line":32,"column":0},"end":{"line":32,"column":16}},"32":{"start":{"line":33,"column":0},"end":{"line":33,"column":72}},"33":{"start":{"line":34,"column":0},"end":{"line":34,"column":9}},"34":{"start":{"line":35,"column":0},"end":{"line":35,"column":5}},"35":{"start":{"line":36,"column":0},"end":{"line":36,"column":0}},"36":{"start":{"line":37,"column":0},"end":{"line":37,"column":9}},"37":{"start":{"line":38,"column":0},"end":{"line":38,"column":42}},"38":{"start":{"line":39,"column":0},"end":{"line":39,"column":19}},"39":{"start":{"line":40,"column":0},"end":{"line":40,"column":21}},"40":{"start":{"line":41,"column":0},"end":{"line":41,"column":0}},"41":{"start":{"line":42,"column":0},"end":{"line":42,"column":69}},"42":{"start":{"line":43,"column":0},"end":{"line":43,"column":0}},"43":{"start":{"line":44,"column":0},"end":{"line":44,"column":5}},"44":{"start":{"line":45,"column":0},"end":{"line":45,"column":0}},"45":{"start":{"line":46,"column":0},"end":{"line":46,"column":1}},"46":{"start":{"line":47,"column":0},"end":{"line":47,"column":0}},"47":{"start":{"line":48,"column":0},"end":{"line":48,"column":33}}},"s":{"0":1,"1":1,"2":1,"3":1,"4":1,"5":5,"6":5,"7":5,"8":5,"9":5,"10":5,"11":5,"12":5,"13":5,"14":5,"15":5,"16":5,"17":5,"18":5,"19":5,"20":5,"21":0,"22":0,"23":0,"24":0,"25":5,"26":5,"27":5,"28":5,"29":0,"30":0,"31":0,"32":0,"33":5,"34":5,"35":5,"36":5,"37":5,"38":5,"39":0,"40":0,"41":0,"42":1,"43":1,"44":1,"45":1,"46":1,"47":1},"branchMap":{"0":{"type":"branch","line":2,"loc":{"start":{"line":2,"column":-2},"end":{"line":2,"column":0}},"locations":[{"start":{"line":2,"column":-2},"end":{"line":2,"column":0}}]},"1":{"type":"branch","line":6,"loc":{"start":{"line":6,"column":-2},"end":{"line":7,"column":34}},"locations":[{"start":{"line":6,"column":-2},"end":{"line":7,"column":34}}]},"2":{"type":"branch","line":7,"loc":{"start":{"line":7,"column":33},"end":{"line":46,"column":1}},"locations":[{"start":{"line":7,"column":33},"end":{"line":46,"column":1}}]},"3":{"type":"branch","line":7,"loc":{"start":{"line":7,"column":0},"end":{"line":42,"column":69}},"locations":[{"start":{"line":7,"column":0},"end":{"line":42,"column":69}}]},"4":{"type":"branch","line":7,"loc":{"start":{"line":7,"column":63},"end":{"line":42,"column":69}},"locations":[{"start":{"line":7,"column":63},"end":{"line":42,"column":69}}]},"5":{"type":"branch","line":7,"loc":{"start":{"line":7,"column":63},"end":{"line":42,"column":69}},"locations":[{"start":{"line":7,"column":63},"end":{"line":42,"column":69}}]},"6":{"type":"branch","line":7,"loc":{"start":{"line":7,"column":63},"end":{"line":21,"column":35}},"locations":[{"start":{"line":7,"column":63},"end":{"line":21,"column":35}}]},"7":{"type":"branch","line":10,"loc":{"start":{"line":10,"column":14},"end":{"line":10,"column":46}},"locations":[{"start":{"line":10,"column":14},"end":{"line":10,"column":46}}]},"8":{"type":"branch","line":11,"loc":{"start":{"line":11,"column":16},"end":{"line":11,"column":52}},"locations":[{"start":{"line":11,"column":16},"end":{"line":11,"column":52}}]},"9":{"type":"branch","line":12,"loc":{"start":{"line":12,"column":16},"end":{"line":12,"column":52}},"locations":[{"start":{"line":12,"column":16},"end":{"line":12,"column":52}}]},"10":{"type":"branch","line":13,"loc":{"start":{"line":13,"column":17},"end":{"line":13,"column":55}},"locations":[{"start":{"line":13,"column":17},"end":{"line":13,"column":55}}]},"11":{"type":"branch","line":21,"loc":{"start":{"line":21,"column":16},"end":{"line":25,"column":64}},"locations":[{"start":{"line":21,"column":16},"end":{"line":25,"column":64}}]},"12":{"type":"branch","line":26,"loc":{"start":{"line":26,"column":-2},"end":{"line":31,"column":72}},"locations":[{"start":{"line":26,"column":-2},"end":{"line":31,"column":72}}]},"13":{"type":"branch","line":29,"loc":{"start":{"line":29,"column":20},"end":{"line":31,"column":72}},"locations":[{"start":{"line":29,"column":20},"end":{"line":31,"column":72}}]},"14":{"type":"branch","line":32,"loc":{"start":{"line":32,"column":-2},"end":{"line":33,"column":72}},"locations":[{"start":{"line":32,"column":-2},"end":{"line":33,"column":72}}]},"15":{"type":"branch","line":34,"loc":{"start":{"line":34,"column":-2},"end":{"line":38,"column":42}},"locations":[{"start":{"line":34,"column":-2},"end":{"line":38,"column":42}}]},"16":{"type":"branch","line":39,"loc":{"start":{"line":39,"column":-2},"end":{"line":39,"column":19}},"locations":[{"start":{"line":39,"column":-2},"end":{"line":39,"column":19}}]},"17":{"type":"branch","line":40,"loc":{"start":{"line":40,"column":-2},"end":{"line":42,"column":69}},"locations":[{"start":{"line":40,"column":-2},"end":{"line":42,"column":69}}]}},"b":{"0":[1],"1":[5],"2":[1],"3":[5],"4":[20],"5":[30],"6":[5],"7":[2],"8":[2],"9":[2],"10":[2],"11":[0],"12":[5],"13":[0],"14":[0],"15":[5],"16":[5],"17":[0]},"fnMap":{"0":{"name":"_regeneratorRuntime","decl":{"start":{"line":2,"column":-2},"end":{"line":2,"column":0}},"loc":{"start":{"line":2,"column":-2},"end":{"line":2,"column":0}},"line":2},"1":{"name":"filterCharactersBy","decl":{"start":{"line":6,"column":-2},"end":{"line":7,"column":34}},"loc":{"start":{"line":6,"column":-2},"end":{"line":7,"column":34}},"line":6},"2":{"name":"_filterCharactersBy","decl":{"start":{"line":7,"column":33},"end":{"line":46,"column":1}},"loc":{"start":{"line":7,"column":33},"end":{"line":46,"column":1}},"line":7},"3":{"name":"_callee","decl":{"start":{"line":7,"column":0},"end":{"line":42,"column":69}},"loc":{"start":{"line":7,"column":0},"end":{"line":42,"column":69}},"line":7},"4":{"name":"_callee$","decl":{"start":{"line":7,"column":63},"end":{"line":42,"column":69}},"loc":{"start":{"line":7,"column":63},"end":{"line":42,"column":69}},"line":7}},"f":{"0":1,"1":5,"2":1,"3":5,"4":20}}
,"C:\\Users\\heber\\OneDrive\\Escritorio\\rick-and-morty-challenge\\app\\services\\retrieveCharacter.js": {"path":"C:\\Users\\heber\\OneDrive\\Escritorio\\rick-and-morty-challenge\\app\\services\\retrieveCharacter.js","all":false,"statementMap":{"0":{"start":{"line":1,"column":0},"end":{"line":1,"column":37}},"1":{"start":{"line":2,"column":0},"end":{"line":2,"column":0}},"2":{"start":{"line":3,"column":0},"end":{"line":3,"column":56}},"3":{"start":{"line":4,"column":0},"end":{"line":4,"column":0}},"4":{"start":{"line":5,"column":0},"end":{"line":5,"column":0}},"5":{"start":{"line":6,"column":0},"end":{"line":6,"column":0}},"6":{"start":{"line":7,"column":0},"end":{"line":7,"column":39}},"7":{"start":{"line":8,"column":0},"end":{"line":8,"column":0}},"8":{"start":{"line":9,"column":0},"end":{"line":9,"column":0}},"9":{"start":{"line":10,"column":0},"end":{"line":10,"column":38}},"10":{"start":{"line":11,"column":0},"end":{"line":11,"column":0}},"11":{"start":{"line":12,"column":0},"end":{"line":12,"column":49}},"12":{"start":{"line":13,"column":0},"end":{"line":13,"column":0}},"13":{"start":{"line":14,"column":0},"end":{"line":14,"column":16}},"14":{"start":{"line":15,"column":0},"end":{"line":15,"column":9}},"15":{"start":{"line":16,"column":0},"end":{"line":16,"column":59}},"16":{"start":{"line":17,"column":0},"end":{"line":17,"column":21}},"17":{"start":{"line":18,"column":0},"end":{"line":18,"column":44}},"18":{"start":{"line":19,"column":0},"end":{"line":19,"column":5}},"19":{"start":{"line":20,"column":0},"end":{"line":20,"column":0}},"20":{"start":{"line":21,"column":0},"end":{"line":21,"column":52}},"21":{"start":{"line":22,"column":0},"end":{"line":22,"column":23}},"22":{"start":{"line":23,"column":0},"end":{"line":23,"column":36}},"23":{"start":{"line":24,"column":0},"end":{"line":24,"column":72}},"24":{"start":{"line":25,"column":0},"end":{"line":25,"column":16}},"25":{"start":{"line":26,"column":0},"end":{"line":26,"column":72}},"26":{"start":{"line":27,"column":0},"end":{"line":27,"column":9}},"27":{"start":{"line":28,"column":0},"end":{"line":28,"column":5}},"28":{"start":{"line":29,"column":0},"end":{"line":29,"column":0}},"29":{"start":{"line":30,"column":0},"end":{"line":30,"column":0}},"30":{"start":{"line":31,"column":0},"end":{"line":31,"column":39}},"31":{"start":{"line":32,"column":0},"end":{"line":32,"column":9}},"32":{"start":{"line":33,"column":0},"end":{"line":33,"column":42}},"33":{"start":{"line":34,"column":0},"end":{"line":34,"column":0}},"34":{"start":{"line":35,"column":0},"end":{"line":35,"column":19}},"35":{"start":{"line":36,"column":0},"end":{"line":36,"column":21}},"36":{"start":{"line":37,"column":0},"end":{"line":37,"column":69}},"37":{"start":{"line":38,"column":0},"end":{"line":38,"column":5}},"38":{"start":{"line":39,"column":0},"end":{"line":39,"column":0}},"39":{"start":{"line":40,"column":0},"end":{"line":40,"column":0}},"40":{"start":{"line":41,"column":0},"end":{"line":41,"column":1}},"41":{"start":{"line":42,"column":0},"end":{"line":42,"column":0}},"42":{"start":{"line":43,"column":0},"end":{"line":43,"column":32}}},"s":{"0":1,"1":1,"2":1,"3":1,"4":1,"5":1,"6":1,"7":4,"8":4,"9":4,"10":4,"11":4,"12":4,"13":4,"14":4,"15":4,"16":1,"17":1,"18":3,"19":3,"20":3,"21":3,"22":1,"23":1,"24":0,"25":0,"26":2,"27":2,"28":2,"29":2,"30":2,"31":2,"32":2,"33":1,"34":1,"35":1,"36":1,"37":1,"38":1,"39":1,"40":1,"41":1,"42":1},"branchMap":{"0":{"type":"branch","line":2,"loc":{"start":{"line":2,"column":-2},"end":{"line":2,"column":0}},"locations":[{"start":{"line":2,"column":-2},"end":{"line":2,"column":0}}]},"1":{"type":"branch","line":8,"loc":{"start":{"line":8,"column":-2},"end":{"line":10,"column":33}},"locations":[{"start":{"line":8,"column":-2},"end":{"line":10,"column":33}}]},"2":{"type":"branch","line":10,"loc":{"start":{"line":10,"column":32},"end":{"line":41,"column":1}},"locations":[{"start":{"line":10,"column":32},"end":{"line":41,"column":1}}]},"3":{"type":"branch","line":10,"loc":{"start":{"line":10,"column":0},"end":{"line":37,"column":69}},"locations":[{"start":{"line":10,"column":0},"end":{"line":37,"column":69}}]},"4":{"type":"branch","line":10,"loc":{"start":{"line":10,"column":35},"end":{"line":37,"column":69}},"locations":[{"start":{"line":10,"column":35},"end":{"line":37,"column":69}}]},"5":{"type":"branch","line":10,"loc":{"start":{"line":10,"column":35},"end":{"line":37,"column":69}},"locations":[{"start":{"line":10,"column":35},"end":{"line":37,"column":69}}]},"6":{"type":"branch","line":10,"loc":{"start":{"line":10,"column":35},"end":{"line":16,"column":59}},"locations":[{"start":{"line":10,"column":35},"end":{"line":16,"column":59}}]},"7":{"type":"branch","line":16,"loc":{"start":{"line":16,"column":16},"end":{"line":18,"column":44}},"locations":[{"start":{"line":16,"column":16},"end":{"line":18,"column":44}}]},"8":{"type":"branch","line":19,"loc":{"start":{"line":19,"column":-2},"end":{"line":24,"column":72}},"locations":[{"start":{"line":19,"column":-2},"end":{"line":24,"column":72}}]},"9":{"type":"branch","line":22,"loc":{"start":{"line":22,"column":20},"end":{"line":22,"column":23}},"locations":[{"start":{"line":22,"column":20},"end":{"line":22,"column":23}}]},"10":{"type":"branch","line":22,"loc":{"start":{"line":22,"column":20},"end":{"line":23,"column":36}},"locations":[{"start":{"line":22,"column":20},"end":{"line":23,"column":36}}]},"11":{"type":"branch","line":23,"loc":{"start":{"line":23,"column":33},"end":{"line":23,"column":36}},"locations":[{"start":{"line":23,"column":33},"end":{"line":23,"column":36}}]},"12":{"type":"branch","line":23,"loc":{"start":{"line":23,"column":33},"end":{"line":24,"column":72}},"locations":[{"start":{"line":23,"column":33},"end":{"line":24,"column":72}}]},"13":{"type":"branch","line":25,"loc":{"start":{"line":25,"column":-2},"end":{"line":26,"column":72}},"locations":[{"start":{"line":25,"column":-2},"end":{"line":26,"column":72}}]},"14":{"type":"branch","line":27,"loc":{"start":{"line":27,"column":-2},"end":{"line":33,"column":42}},"locations":[{"start":{"line":27,"column":-2},"end":{"line":33,"column":42}}]},"15":{"type":"branch","line":34,"loc":{"start":{"line":34,"column":-2},"end":{"line":35,"column":19}},"locations":[{"start":{"line":34,"column":-2},"end":{"line":35,"column":19}}]},"16":{"type":"branch","line":36,"loc":{"start":{"line":36,"column":-2},"end":{"line":37,"column":69}},"locations":[{"start":{"line":36,"column":-2},"end":{"line":37,"column":69}}]}},"b":{"0":[1],"1":[4],"2":[1],"3":[4],"4":[14],"5":[19],"6":[4],"7":[1],"8":[3],"9":[2],"10":[1],"11":[0],"12":[1],"13":[0],"14":[2],"15":[1],"16":[1]},"fnMap":{"0":{"name":"_regeneratorRuntime","decl":{"start":{"line":2,"column":-2},"end":{"line":2,"column":0}},"loc":{"start":{"line":2,"column":-2},"end":{"line":2,"column":0}},"line":2},"1":{"name":"retrieveCharacter","decl":{"start":{"line":8,"column":-2},"end":{"line":10,"column":33}},"loc":{"start":{"line":8,"column":-2},"end":{"line":10,"column":33}},"line":8},"2":{"name":"_retrieveCharacter","decl":{"start":{"line":10,"column":32},"end":{"line":41,"column":1}},"loc":{"start":{"line":10,"column":32},"end":{"line":41,"column":1}},"line":10},"3":{"name":"_callee","decl":{"start":{"line":10,"column":0},"end":{"line":37,"column":69}},"loc":{"start":{"line":10,"column":0},"end":{"line":37,"column":69}},"line":10},"4":{"name":"_callee$","decl":{"start":{"line":10,"column":35},"end":{"line":37,"column":69}},"loc":{"start":{"line":10,"column":35},"end":{"line":37,"column":69}},"line":10}},"f":{"0":1,"1":4,"2":1,"3":4,"4":14}}
,"C:\\Users\\heber\\OneDrive\\Escritorio\\rick-and-morty-challenge\\app\\services\\retrieveCharacters.js": {"path":"C:\\Users\\heber\\OneDrive\\Escritorio\\rick-and-morty-challenge\\app\\services\\retrieveCharacters.js","all":false,"statementMap":{"0":{"start":{"line":1,"column":0},"end":{"line":1,"column":37}},"1":{"start":{"line":2,"column":0},"end":{"line":2,"column":0}},"2":{"start":{"line":3,"column":0},"end":{"line":3,"column":56}},"3":{"start":{"line":4,"column":0},"end":{"line":4,"column":0}},"4":{"start":{"line":5,"column":0},"end":{"line":5,"column":0}},"5":{"start":{"line":6,"column":0},"end":{"line":6,"column":39}},"6":{"start":{"line":7,"column":0},"end":{"line":7,"column":0}},"7":{"start":{"line":8,"column":0},"end":{"line":8,"column":0}},"8":{"start":{"line":9,"column":0},"end":{"line":9,"column":48}},"9":{"start":{"line":10,"column":0},"end":{"line":10,"column":0}},"10":{"start":{"line":11,"column":0},"end":{"line":11,"column":16}},"11":{"start":{"line":12,"column":0},"end":{"line":12,"column":9}},"12":{"start":{"line":13,"column":0},"end":{"line":13,"column":66}},"13":{"start":{"line":14,"column":0},"end":{"line":14,"column":21}},"14":{"start":{"line":15,"column":0},"end":{"line":15,"column":44}},"15":{"start":{"line":16,"column":0},"end":{"line":16,"column":0}},"16":{"start":{"line":17,"column":0},"end":{"line":17,"column":5}},"17":{"start":{"line":18,"column":0},"end":{"line":18,"column":0}},"18":{"start":{"line":19,"column":0},"end":{"line":19,"column":23}},"19":{"start":{"line":20,"column":0},"end":{"line":20,"column":36}},"20":{"start":{"line":21,"column":0},"end":{"line":21,"column":72}},"21":{"start":{"line":22,"column":0},"end":{"line":22,"column":16}},"22":{"start":{"line":23,"column":0},"end":{"line":23,"column":72}},"23":{"start":{"line":24,"column":0},"end":{"line":24,"column":9}},"24":{"start":{"line":25,"column":0},"end":{"line":25,"column":5}},"25":{"start":{"line":26,"column":0},"end":{"line":26,"column":0}},"26":{"start":{"line":27,"column":0},"end":{"line":27,"column":9}},"27":{"start":{"line":28,"column":0},"end":{"line":28,"column":42}},"28":{"start":{"line":29,"column":0},"end":{"line":29,"column":0}},"29":{"start":{"line":30,"column":0},"end":{"line":30,"column":19}},"30":{"start":{"line":31,"column":0},"end":{"line":31,"column":21}},"31":{"start":{"line":32,"column":0},"end":{"line":32,"column":0}},"32":{"start":{"line":33,"column":0},"end":{"line":33,"column":44}},"33":{"start":{"line":34,"column":0},"end":{"line":34,"column":0}},"34":{"start":{"line":35,"column":0},"end":{"line":35,"column":5}},"35":{"start":{"line":36,"column":0},"end":{"line":36,"column":0}},"36":{"start":{"line":37,"column":0},"end":{"line":37,"column":1}},"37":{"start":{"line":38,"column":0},"end":{"line":38,"column":0}},"38":{"start":{"line":39,"column":0},"end":{"line":39,"column":33}}},"s":{"0":1,"1":1,"2":1,"3":1,"4":1,"5":1,"6":1,"7":1,"8":1,"9":1,"10":1,"11":1,"12":1,"13":0,"14":0,"15":1,"16":1,"17":1,"18":1,"19":0,"20":0,"21":0,"22":0,"23":1,"24":1,"25":1,"26":1,"27":1,"28":1,"29":1,"30":0,"31":0,"32":0,"33":1,"34":1,"35":1,"36":1,"37":1,"38":1},"branchMap":{"0":{"type":"branch","line":2,"loc":{"start":{"line":2,"column":-2},"end":{"line":2,"column":0}},"locations":[{"start":{"line":2,"column":-2},"end":{"line":2,"column":0}}]},"1":{"type":"branch","line":9,"loc":{"start":{"line":9,"column":24},"end":{"line":9,"column":27}},"locations":[{"start":{"line":9,"column":24},"end":{"line":9,"column":27}}]},"2":{"type":"branch","line":9,"loc":{"start":{"line":9,"column":27},"end":{"line":33,"column":44}},"locations":[{"start":{"line":9,"column":27},"end":{"line":33,"column":44}}]},"3":{"type":"branch","line":9,"loc":{"start":{"line":9,"column":27},"end":{"line":33,"column":44}},"locations":[{"start":{"line":9,"column":27},"end":{"line":33,"column":44}}]},"4":{"type":"branch","line":9,"loc":{"start":{"line":9,"column":27},"end":{"line":33,"column":44}},"locations":[{"start":{"line":9,"column":27},"end":{"line":33,"column":44}}]},"5":{"type":"branch","line":9,"loc":{"start":{"line":9,"column":27},"end":{"line":13,"column":66}},"locations":[{"start":{"line":9,"column":27},"end":{"line":13,"column":66}}]},"6":{"type":"branch","line":9,"loc":{"start":{"line":9,"column":38},"end":{"line":9,"column":41}},"locations":[{"start":{"line":9,"column":38},"end":{"line":9,"column":41}}]},"7":{"type":"branch","line":9,"loc":{"start":{"line":9,"column":38},"end":{"line":9,"column":41}},"locations":[{"start":{"line":9,"column":38},"end":{"line":9,"column":41}}]},"8":{"type":"branch","line":13,"loc":{"start":{"line":13,"column":16},"end":{"line":15,"column":44}},"locations":[{"start":{"line":13,"column":16},"end":{"line":15,"column":44}}]},"9":{"type":"branch","line":16,"loc":{"start":{"line":16,"column":-2},"end":{"line":21,"column":72}},"locations":[{"start":{"line":16,"column":-2},"end":{"line":21,"column":72}}]},"10":{"type":"branch","line":19,"loc":{"start":{"line":19,"column":20},"end":{"line":21,"column":72}},"locations":[{"start":{"line":19,"column":20},"end":{"line":21,"column":72}}]},"11":{"type":"branch","line":22,"loc":{"start":{"line":22,"column":-2},"end":{"line":23,"column":72}},"locations":[{"start":{"line":22,"column":-2},"end":{"line":23,"column":72}}]},"12":{"type":"branch","line":24,"loc":{"start":{"line":24,"column":-2},"end":{"line":28,"column":42}},"locations":[{"start":{"line":24,"column":-2},"end":{"line":28,"column":42}}]},"13":{"type":"branch","line":29,"loc":{"start":{"line":29,"column":-2},"end":{"line":30,"column":19}},"locations":[{"start":{"line":29,"column":-2},"end":{"line":30,"column":19}}]},"14":{"type":"branch","line":31,"loc":{"start":{"line":31,"column":-2},"end":{"line":33,"column":44}},"locations":[{"start":{"line":31,"column":-2},"end":{"line":33,"column":44}}]}},"b":{"0":[1],"1":[1],"2":[1],"3":[4],"4":[6],"5":[1],"6":[0],"7":[0],"8":[0],"9":[1],"10":[0],"11":[0],"12":[1],"13":[1],"14":[0]},"fnMap":{"0":{"name":"_regeneratorRuntime","decl":{"start":{"line":2,"column":-2},"end":{"line":2,"column":0}},"loc":{"start":{"line":2,"column":-2},"end":{"line":2,"column":0}},"line":2},"1":{"name":"_callee","decl":{"start":{"line":9,"column":27},"end":{"line":33,"column":44}},"loc":{"start":{"line":9,"column":27},"end":{"line":33,"column":44}},"line":9},"2":{"name":"_callee$","decl":{"start":{"line":9,"column":27},"end":{"line":33,"column":44}},"loc":{"start":{"line":9,"column":27},"end":{"line":33,"column":44}},"line":9}},"f":{"0":1,"1":1,"2":4}}
}
