TN:
SF:Errors\errors.js
FN:1,buildErrorClass
FN:4,_class
FN:10,get
FNF:3
FNH:2
FNDA:9,buildErrorClass
FNDA:4,_class
FNDA:0,get
DA:1,9
DA:2,9
DA:3,9
DA:4,9
DA:5,4
DA:6,4
DA:7,4
DA:8,4
DA:9,9
DA:10,9
DA:11,0
DA:12,0
DA:13,9
DA:14,9
DA:15,1
DA:16,1
DA:17,1
DA:18,1
DA:19,1
DA:20,1
DA:21,1
DA:22,1
DA:23,1
DA:24,1
DA:25,1
DA:26,1
DA:27,1
DA:28,1
DA:29,1
DA:30,1
LF:30
LH:28
BRDA:1,0,0,9
BRDA:3,1,0,9
BRDA:4,2,0,4
BRF:3
BRH:3
end_of_record
TN:
SF:services\filterCharactersBy.js
FN:2,_regeneratorRuntime
FN:6,filterCharactersBy
FN:7,_filterCharactersBy
FN:7,_callee
FN:7,_callee$
FNF:5
FNH:5
FNDA:1,_regeneratorRuntime
FNDA:5,filterCharactersBy
FNDA:1,_filterCharactersBy
FNDA:5,_callee
FNDA:20,_callee$
DA:1,1
DA:2,1
DA:3,1
DA:4,1
DA:5,1
DA:6,5
DA:7,5
DA:8,5
DA:9,5
DA:10,5
DA:11,5
DA:12,5
DA:13,5
DA:14,5
DA:15,5
DA:16,5
DA:17,5
DA:18,5
DA:19,5
DA:20,5
DA:21,5
DA:22,0
DA:23,0
DA:24,0
DA:25,0
DA:26,5
DA:27,5
DA:28,5
DA:29,5
DA:30,0
DA:31,0
DA:32,0
DA:33,0
DA:34,5
DA:35,5
DA:36,5
DA:37,5
DA:38,5
DA:39,5
DA:40,0
DA:41,0
DA:42,0
DA:43,1
DA:44,1
DA:45,1
DA:46,1
DA:47,1
DA:48,1
LF:48
LH:37
BRDA:2,0,0,1
BRDA:6,1,0,5
BRDA:7,2,0,1
BRDA:7,3,0,5
BRDA:7,4,0,20
BRDA:7,5,0,30
BRDA:7,6,0,5
BRDA:10,7,0,2
BRDA:11,8,0,2
BRDA:12,9,0,2
BRDA:13,10,0,2
BRDA:21,11,0,0
BRDA:26,12,0,5
BRDA:29,13,0,0
BRDA:32,14,0,0
BRDA:34,15,0,5
BRDA:39,16,0,5
BRDA:40,17,0,0
BRF:18
BRH:14
end_of_record
TN:
SF:services\retrieveCharacter.js
FN:2,_regeneratorRuntime
FN:8,retrieveCharacter
FN:10,_retrieveCharacter
FN:10,_callee
FN:10,_callee$
FNF:5
FNH:5
FNDA:1,_regeneratorRuntime
FNDA:4,retrieveCharacter
FNDA:1,_retrieveCharacter
FNDA:4,_callee
FNDA:14,_callee$
DA:1,1
DA:2,1
DA:3,1
DA:4,1
DA:5,1
DA:6,1
DA:7,1
DA:8,4
DA:9,4
DA:10,4
DA:11,4
DA:12,4
DA:13,4
DA:14,4
DA:15,4
DA:16,4
DA:17,1
DA:18,1
DA:19,3
DA:20,3
DA:21,3
DA:22,3
DA:23,1
DA:24,1
DA:25,0
DA:26,0
DA:27,2
DA:28,2
DA:29,2
DA:30,2
DA:31,2
DA:32,2
DA:33,2
DA:34,1
DA:35,1
DA:36,1
DA:37,1
DA:38,1
DA:39,1
DA:40,1
DA:41,1
DA:42,1
DA:43,1
LF:43
LH:41
BRDA:2,0,0,1
BRDA:8,1,0,4
BRDA:10,2,0,1
BRDA:10,3,0,4
BRDA:10,4,0,14
BRDA:10,5,0,19
BRDA:10,6,0,4
BRDA:16,7,0,1
BRDA:19,8,0,3
BRDA:22,9,0,2
BRDA:22,10,0,1
BRDA:23,11,0,0
BRDA:23,12,0,1
BRDA:25,13,0,0
BRDA:27,14,0,2
BRDA:34,15,0,1
BRDA:36,16,0,1
BRF:17
BRH:15
end_of_record
TN:
SF:services\retrieveCharacters.js
FN:2,_regeneratorRuntime
FN:9,_callee
FN:9,_callee$
FNF:3
FNH:3
FNDA:1,_regeneratorRuntime
FNDA:1,_callee
FNDA:4,_callee$
DA:1,1
DA:2,1
DA:3,1
DA:4,1
DA:5,1
DA:6,1
DA:7,1
DA:8,1
DA:9,1
DA:10,1
DA:11,1
DA:12,1
DA:13,1
DA:14,0
DA:15,0
DA:16,1
DA:17,1
DA:18,1
DA:19,1
DA:20,0
DA:21,0
DA:22,0
DA:23,0
DA:24,1
DA:25,1
DA:26,1
DA:27,1
DA:28,1
DA:29,1
DA:30,1
DA:31,0
DA:32,0
DA:33,0
DA:34,1
DA:35,1
DA:36,1
DA:37,1
DA:38,1
DA:39,1
LF:39
LH:30
BRDA:2,0,0,1
BRDA:9,1,0,1
BRDA:9,2,0,1
BRDA:9,3,0,4
BRDA:9,4,0,6
BRDA:9,5,0,1
BRDA:9,6,0,0
BRDA:9,7,0,0
BRDA:13,8,0,0
BRDA:16,9,0,1
BRDA:19,10,0,0
BRDA:22,11,0,0
BRDA:24,12,0,1
BRDA:29,13,0,1
BRDA:31,14,0,0
BRF:15
BRH:9
end_of_record
